17-10-2024 17:21:00 INFO  Hooks:15 - *****************************************************************************************
17-10-2024 17:21:00 INFO  Hooks:16 - 	Scenario: Create a new user and validate the response
17-10-2024 17:21:01 INFO  Hooks:17 - *****************************************************************************************
17-10-2024 17:21:05 INFO  MyTestListener:28 - java.lang.AssertionError: 1 expectation failed.
Expected status code <201> but was <409>.

17-10-2024 17:21:05 INFO  MyTestListener:30 - *****************************************************************************************
17-10-2024 17:21:05 INFO  MyTestListener:31 - 	Scenario: Create a new user and validate the response --> FAILED
17-10-2024 17:21:05 INFO  MyTestListener:32 - *****************************************************************************************
17-10-2024 17:21:05 INFO  Hooks:15 - *****************************************************************************************
17-10-2024 17:21:05 INFO  Hooks:16 - 	Scenario: Validate status code for the Get All Users endpoint
17-10-2024 17:21:05 INFO  Hooks:17 - *****************************************************************************************
17-10-2024 17:21:06 INFO  MyTestListener:30 - *****************************************************************************************
17-10-2024 17:21:06 INFO  MyTestListener:31 - 	Scenario: Validate status code for the Get All Users endpoint --> PASSED
17-10-2024 17:21:06 INFO  MyTestListener:32 - *****************************************************************************************
17-10-2024 17:21:06 INFO  Hooks:15 - *****************************************************************************************
17-10-2024 17:21:06 INFO  Hooks:16 - 	Scenario: Validate status code 200 for valid user ID
17-10-2024 17:21:06 INFO  Hooks:17 - *****************************************************************************************
17-10-2024 17:21:06 INFO  MyTestListener:30 - *****************************************************************************************
17-10-2024 17:21:06 INFO  MyTestListener:31 - 	Scenario: Validate status code 200 for valid user ID --> UNDEFINED
17-10-2024 17:21:06 INFO  MyTestListener:32 - *****************************************************************************************
17-10-2024 17:21:07 INFO  Hooks:15 - *****************************************************************************************
17-10-2024 17:21:07 INFO  Hooks:16 - 	Scenario: Update user details with valid information
17-10-2024 17:21:07 INFO  Hooks:17 - *****************************************************************************************
17-10-2024 17:21:07 INFO  MyTestListener:30 - *****************************************************************************************
17-10-2024 17:21:07 INFO  MyTestListener:31 - 	Scenario: Update user details with valid information --> UNDEFINED
17-10-2024 17:21:07 INFO  MyTestListener:32 - *****************************************************************************************
17-10-2024 17:21:07 INFO  Hooks:15 - *****************************************************************************************
17-10-2024 17:21:07 INFO  Hooks:16 - 	Scenario: Validate status code, header, and data types for DELETE User request
17-10-2024 17:21:07 INFO  Hooks:17 - *****************************************************************************************
17-10-2024 17:21:07 INFO  MyTestListener:30 - *****************************************************************************************
17-10-2024 17:21:07 INFO  MyTestListener:31 - 	Scenario: Validate status code, header, and data types for DELETE User request --> UNDEFINED
17-10-2024 17:21:07 INFO  MyTestListener:32 - *****************************************************************************************
17-10-2024 17:21:07 INFO  Hooks:15 - *****************************************************************************************
17-10-2024 17:21:07 INFO  Hooks:16 - 	Scenario: Validate status code, headers, and data types for deleting a user by username
17-10-2024 17:21:07 INFO  Hooks:17 - *****************************************************************************************
17-10-2024 17:21:07 INFO  MyTestListener:30 - *****************************************************************************************
17-10-2024 17:21:07 INFO  MyTestListener:31 - 	Scenario: Validate status code, headers, and data types for deleting a user by username --> UNDEFINED
17-10-2024 17:21:07 INFO  MyTestListener:32 - *****************************************************************************************
17-10-2024 17:22:14 INFO  Hooks:15 - *****************************************************************************************
17-10-2024 17:22:14 INFO  Hooks:16 - 	Scenario: Create a new user and validate the response
17-10-2024 17:22:14 INFO  Hooks:17 - *****************************************************************************************
17-10-2024 17:22:18 INFO  MyTestListener:28 - java.lang.AssertionError: 1 expectation failed.
Expected status code <201> but was <409>.

17-10-2024 17:22:18 INFO  MyTestListener:30 - *****************************************************************************************
17-10-2024 17:22:18 INFO  MyTestListener:31 - 	Scenario: Create a new user and validate the response --> FAILED
17-10-2024 17:22:18 INFO  MyTestListener:32 - *****************************************************************************************
17-10-2024 17:22:18 INFO  Hooks:15 - *****************************************************************************************
17-10-2024 17:22:18 INFO  Hooks:16 - 	Scenario: Validate status code for the Get All Users endpoint
17-10-2024 17:22:18 INFO  Hooks:17 - *****************************************************************************************
17-10-2024 17:22:19 INFO  MyTestListener:30 - *****************************************************************************************
17-10-2024 17:22:19 INFO  MyTestListener:31 - 	Scenario: Validate status code for the Get All Users endpoint --> PASSED
17-10-2024 17:22:19 INFO  MyTestListener:32 - *****************************************************************************************
17-10-2024 17:22:19 INFO  Hooks:15 - *****************************************************************************************
17-10-2024 17:22:19 INFO  Hooks:16 - 	Scenario: Validate status code 200 for valid user ID
17-10-2024 17:22:19 INFO  Hooks:17 - *****************************************************************************************
17-10-2024 17:22:19 INFO  MyTestListener:30 - *****************************************************************************************
17-10-2024 17:22:19 INFO  MyTestListener:31 - 	Scenario: Validate status code 200 for valid user ID --> UNDEFINED
17-10-2024 17:22:19 INFO  MyTestListener:32 - *****************************************************************************************
17-10-2024 17:22:19 INFO  Hooks:15 - *****************************************************************************************
17-10-2024 17:22:19 INFO  Hooks:16 - 	Scenario: Update user details with valid information
17-10-2024 17:22:19 INFO  Hooks:17 - *****************************************************************************************
17-10-2024 17:22:19 INFO  MyTestListener:30 - *****************************************************************************************
17-10-2024 17:22:19 INFO  MyTestListener:31 - 	Scenario: Update user details with valid information --> UNDEFINED
17-10-2024 17:22:19 INFO  MyTestListener:32 - *****************************************************************************************
17-10-2024 17:22:19 INFO  Hooks:15 - *****************************************************************************************
17-10-2024 17:22:19 INFO  Hooks:16 - 	Scenario: Validate status code, header, and data types for DELETE User request
17-10-2024 17:22:19 INFO  Hooks:17 - *****************************************************************************************
17-10-2024 17:22:19 INFO  MyTestListener:30 - *****************************************************************************************
17-10-2024 17:22:19 INFO  MyTestListener:31 - 	Scenario: Validate status code, header, and data types for DELETE User request --> UNDEFINED
17-10-2024 17:22:19 INFO  MyTestListener:32 - *****************************************************************************************
17-10-2024 17:22:19 INFO  Hooks:15 - *****************************************************************************************
17-10-2024 17:22:19 INFO  Hooks:16 - 	Scenario: Validate status code, headers, and data types for deleting a user by username
17-10-2024 17:22:19 INFO  Hooks:17 - *****************************************************************************************
17-10-2024 17:22:19 INFO  MyTestListener:30 - *****************************************************************************************
17-10-2024 17:22:19 INFO  MyTestListener:31 - 	Scenario: Validate status code, headers, and data types for deleting a user by username --> UNDEFINED
17-10-2024 17:22:19 INFO  MyTestListener:32 - *****************************************************************************************
17-10-2024 17:25:09 INFO  Hooks:15 - *****************************************************************************************
17-10-2024 17:25:09 INFO  Hooks:16 - 	Scenario: Create a new user and validate the response
17-10-2024 17:25:09 INFO  Hooks:17 - *****************************************************************************************
17-10-2024 17:25:13 INFO  MyTestListener:28 - java.lang.AssertionError: 1 expectation failed.
Expected status code <201> but was <409>.

17-10-2024 17:25:13 INFO  MyTestListener:30 - *****************************************************************************************
17-10-2024 17:25:14 INFO  MyTestListener:31 - 	Scenario: Create a new user and validate the response --> FAILED
17-10-2024 17:25:14 INFO  MyTestListener:32 - *****************************************************************************************
17-10-2024 17:25:14 INFO  Hooks:15 - *****************************************************************************************
17-10-2024 17:25:14 INFO  Hooks:16 - 	Scenario: Validate status code for the Get All Users endpoint
17-10-2024 17:25:14 INFO  Hooks:17 - *****************************************************************************************
17-10-2024 17:25:15 INFO  MyTestListener:30 - *****************************************************************************************
17-10-2024 17:25:15 INFO  MyTestListener:31 - 	Scenario: Validate status code for the Get All Users endpoint --> PASSED
17-10-2024 17:25:15 INFO  MyTestListener:32 - *****************************************************************************************
17-10-2024 17:25:15 INFO  Hooks:15 - *****************************************************************************************
17-10-2024 17:25:15 INFO  Hooks:16 - 	Scenario: Validate status code 200 for valid user ID
17-10-2024 17:25:15 INFO  Hooks:17 - *****************************************************************************************
17-10-2024 17:25:16 INFO  MyTestListener:30 - *****************************************************************************************
17-10-2024 17:25:16 INFO  MyTestListener:31 - 	Scenario: Validate status code 200 for valid user ID --> PASSED
17-10-2024 17:25:16 INFO  MyTestListener:32 - *****************************************************************************************
17-10-2024 17:25:16 INFO  Hooks:15 - *****************************************************************************************
17-10-2024 17:25:16 INFO  Hooks:16 - 	Scenario: Update user details with valid information
17-10-2024 17:25:16 INFO  Hooks:17 - *****************************************************************************************
17-10-2024 17:25:16 INFO  MyTestListener:30 - *****************************************************************************************
17-10-2024 17:25:16 INFO  MyTestListener:31 - 	Scenario: Update user details with valid information --> UNDEFINED
17-10-2024 17:25:16 INFO  MyTestListener:32 - *****************************************************************************************
17-10-2024 17:25:16 INFO  Hooks:15 - *****************************************************************************************
17-10-2024 17:25:16 INFO  Hooks:16 - 	Scenario: Validate status code, header, and data types for DELETE User request
17-10-2024 17:25:16 INFO  Hooks:17 - *****************************************************************************************
17-10-2024 17:25:16 INFO  MyTestListener:30 - *****************************************************************************************
17-10-2024 17:25:16 INFO  MyTestListener:31 - 	Scenario: Validate status code, header, and data types for DELETE User request --> UNDEFINED
17-10-2024 17:25:16 INFO  MyTestListener:32 - *****************************************************************************************
17-10-2024 17:25:16 INFO  Hooks:15 - *****************************************************************************************
17-10-2024 17:25:16 INFO  Hooks:16 - 	Scenario: Validate status code, headers, and data types for deleting a user by username
17-10-2024 17:25:16 INFO  Hooks:17 - *****************************************************************************************
17-10-2024 17:25:16 INFO  MyTestListener:30 - *****************************************************************************************
17-10-2024 17:25:16 INFO  MyTestListener:31 - 	Scenario: Validate status code, headers, and data types for deleting a user by username --> UNDEFINED
17-10-2024 17:25:16 INFO  MyTestListener:32 - *****************************************************************************************
17-10-2024 17:31:53 INFO  Hooks:15 - *****************************************************************************************
17-10-2024 17:31:53 INFO  Hooks:16 - 	Scenario: Create a new user and validate the response
17-10-2024 17:31:53 INFO  Hooks:17 - *****************************************************************************************
17-10-2024 17:31:58 INFO  MyTestListener:28 - java.lang.AssertionError: 1 expectation failed.
Expected status code <201> but was <409>.

17-10-2024 17:31:58 INFO  MyTestListener:30 - *****************************************************************************************
17-10-2024 17:31:58 INFO  MyTestListener:31 - 	Scenario: Create a new user and validate the response --> FAILED
17-10-2024 17:31:58 INFO  MyTestListener:32 - *****************************************************************************************
17-10-2024 17:31:58 INFO  Hooks:15 - *****************************************************************************************
17-10-2024 17:31:58 INFO  Hooks:16 - 	Scenario: Validate status code for the Get All Users endpoint
17-10-2024 17:31:58 INFO  Hooks:17 - *****************************************************************************************
17-10-2024 17:32:00 INFO  MyTestListener:30 - *****************************************************************************************
17-10-2024 17:32:00 INFO  MyTestListener:31 - 	Scenario: Validate status code for the Get All Users endpoint --> PASSED
17-10-2024 17:32:00 INFO  MyTestListener:32 - *****************************************************************************************
17-10-2024 17:32:00 INFO  Hooks:15 - *****************************************************************************************
17-10-2024 17:32:00 INFO  Hooks:16 - 	Scenario: Validate status code 200 for valid user ID
17-10-2024 17:32:00 INFO  Hooks:17 - *****************************************************************************************
17-10-2024 17:32:00 INFO  MyTestListener:30 - *****************************************************************************************
17-10-2024 17:32:00 INFO  MyTestListener:31 - 	Scenario: Validate status code 200 for valid user ID --> PASSED
17-10-2024 17:32:00 INFO  MyTestListener:32 - *****************************************************************************************
17-10-2024 18:23:08 INFO  Hooks:15 - *****************************************************************************************
17-10-2024 18:23:08 INFO  Hooks:16 - 	Scenario: Create a new user and validate the response
17-10-2024 18:23:08 INFO  Hooks:17 - *****************************************************************************************
17-10-2024 18:23:12 INFO  MyTestListener:28 - java.lang.AssertionError: 1 expectation failed.
Expected status code <201> but was <409>.

17-10-2024 18:23:12 INFO  MyTestListener:30 - *****************************************************************************************
17-10-2024 18:23:12 INFO  MyTestListener:31 - 	Scenario: Create a new user and validate the response --> FAILED
17-10-2024 18:23:12 INFO  MyTestListener:32 - *****************************************************************************************
17-10-2024 18:23:12 INFO  Hooks:15 - *****************************************************************************************
17-10-2024 18:23:12 INFO  Hooks:16 - 	Scenario: Validate status code for the Get All Users endpoint
17-10-2024 18:23:12 INFO  Hooks:17 - *****************************************************************************************
17-10-2024 18:23:13 INFO  MyTestListener:30 - *****************************************************************************************
17-10-2024 18:23:13 INFO  MyTestListener:31 - 	Scenario: Validate status code for the Get All Users endpoint --> PASSED
17-10-2024 18:23:13 INFO  MyTestListener:32 - *****************************************************************************************
17-10-2024 18:23:13 INFO  Hooks:15 - *****************************************************************************************
17-10-2024 18:23:13 INFO  Hooks:16 - 	Scenario: Validate status code 200 for valid user ID
17-10-2024 18:23:13 INFO  Hooks:17 - *****************************************************************************************
17-10-2024 18:23:13 INFO  MyTestListener:30 - *****************************************************************************************
17-10-2024 18:23:13 INFO  MyTestListener:31 - 	Scenario: Validate status code 200 for valid user ID --> PASSED
17-10-2024 18:23:13 INFO  MyTestListener:32 - *****************************************************************************************
17-10-2024 18:23:14 INFO  Hooks:15 - *****************************************************************************************
17-10-2024 18:23:14 INFO  Hooks:16 - 	Scenario: Update user and validate the response
17-10-2024 18:23:14 INFO  Hooks:17 - *****************************************************************************************
17-10-2024 18:23:14 INFO  MyTestListener:30 - *****************************************************************************************
17-10-2024 18:23:14 INFO  MyTestListener:31 - 	Scenario: Update user and validate the response --> UNDEFINED
17-10-2024 18:23:14 INFO  MyTestListener:32 - *****************************************************************************************
17-10-2024 18:24:50 INFO  Hooks:15 - *****************************************************************************************
17-10-2024 18:24:50 INFO  Hooks:16 - 	Scenario: Create a new user and validate the response
17-10-2024 18:24:50 INFO  Hooks:17 - *****************************************************************************************
17-10-2024 18:24:54 INFO  MyTestListener:28 - java.lang.AssertionError: 1 expectation failed.
Expected status code <201> but was <409>.

17-10-2024 18:24:54 INFO  MyTestListener:30 - *****************************************************************************************
17-10-2024 18:24:54 INFO  MyTestListener:31 - 	Scenario: Create a new user and validate the response --> FAILED
17-10-2024 18:24:54 INFO  MyTestListener:32 - *****************************************************************************************
17-10-2024 18:24:54 INFO  Hooks:15 - *****************************************************************************************
17-10-2024 18:24:54 INFO  Hooks:16 - 	Scenario: Validate status code for the Get All Users endpoint
17-10-2024 18:24:54 INFO  Hooks:17 - *****************************************************************************************
17-10-2024 18:24:55 INFO  MyTestListener:30 - *****************************************************************************************
17-10-2024 18:24:55 INFO  MyTestListener:31 - 	Scenario: Validate status code for the Get All Users endpoint --> PASSED
17-10-2024 18:24:55 INFO  MyTestListener:32 - *****************************************************************************************
17-10-2024 18:24:55 INFO  Hooks:15 - *****************************************************************************************
17-10-2024 18:24:55 INFO  Hooks:16 - 	Scenario: Validate status code 200 for valid user ID
17-10-2024 18:24:55 INFO  Hooks:17 - *****************************************************************************************
17-10-2024 18:24:56 INFO  MyTestListener:30 - *****************************************************************************************
17-10-2024 18:24:56 INFO  MyTestListener:31 - 	Scenario: Validate status code 200 for valid user ID --> PASSED
17-10-2024 18:24:56 INFO  MyTestListener:32 - *****************************************************************************************
17-10-2024 18:24:56 INFO  Hooks:15 - *****************************************************************************************
17-10-2024 18:24:56 INFO  Hooks:16 - 	Scenario: Update user and validate the response
17-10-2024 18:24:56 INFO  Hooks:17 - *****************************************************************************************
17-10-2024 18:24:56 INFO  MyTestListener:28 - java.lang.IllegalArgumentException: object cannot be null
17-10-2024 18:24:56 INFO  MyTestListener:30 - *****************************************************************************************
17-10-2024 18:24:56 INFO  MyTestListener:31 - 	Scenario: Update user and validate the response --> FAILED
17-10-2024 18:24:56 INFO  MyTestListener:32 - *****************************************************************************************
17-10-2024 18:27:27 INFO  Hooks:15 - *****************************************************************************************
17-10-2024 18:27:27 INFO  Hooks:16 - 	Scenario: Create a new user and validate the response
17-10-2024 18:27:27 INFO  Hooks:17 - *****************************************************************************************
17-10-2024 18:27:32 INFO  MyTestListener:28 - java.lang.AssertionError: 1 expectation failed.
Expected status code <201> but was <409>.

17-10-2024 18:27:32 INFO  MyTestListener:30 - *****************************************************************************************
17-10-2024 18:27:32 INFO  MyTestListener:31 - 	Scenario: Create a new user and validate the response --> FAILED
17-10-2024 18:27:32 INFO  MyTestListener:32 - *****************************************************************************************
17-10-2024 18:27:32 INFO  Hooks:15 - *****************************************************************************************
17-10-2024 18:27:32 INFO  Hooks:16 - 	Scenario: Validate status code for the Get All Users endpoint
17-10-2024 18:27:32 INFO  Hooks:17 - *****************************************************************************************
17-10-2024 18:27:33 INFO  MyTestListener:30 - *****************************************************************************************
17-10-2024 18:27:33 INFO  MyTestListener:31 - 	Scenario: Validate status code for the Get All Users endpoint --> PASSED
17-10-2024 18:27:33 INFO  MyTestListener:32 - *****************************************************************************************
17-10-2024 18:27:33 INFO  Hooks:15 - *****************************************************************************************
17-10-2024 18:27:33 INFO  Hooks:16 - 	Scenario: Validate status code 200 for valid user ID
17-10-2024 18:27:33 INFO  Hooks:17 - *****************************************************************************************
17-10-2024 18:27:33 INFO  MyTestListener:30 - *****************************************************************************************
17-10-2024 18:27:33 INFO  MyTestListener:31 - 	Scenario: Validate status code 200 for valid user ID --> PASSED
17-10-2024 18:27:33 INFO  MyTestListener:32 - *****************************************************************************************
17-10-2024 18:27:33 INFO  Hooks:15 - *****************************************************************************************
17-10-2024 18:27:33 INFO  Hooks:16 - 	Scenario: Update user and validate the response
17-10-2024 18:27:33 INFO  Hooks:17 - *****************************************************************************************
17-10-2024 18:28:57 INFO  MyTestListener:28 - java.lang.IllegalArgumentException: object cannot be null
17-10-2024 18:28:57 INFO  MyTestListener:30 - *****************************************************************************************
17-10-2024 18:28:57 INFO  MyTestListener:31 - 	Scenario: Update user and validate the response --> FAILED
17-10-2024 18:28:57 INFO  MyTestListener:32 - *****************************************************************************************
17-10-2024 18:29:36 INFO  Hooks:15 - *****************************************************************************************
17-10-2024 18:29:36 INFO  Hooks:16 - 	Scenario: Create a new user and validate the response
17-10-2024 18:29:36 INFO  Hooks:17 - *****************************************************************************************
17-10-2024 18:29:40 INFO  MyTestListener:28 - java.lang.AssertionError: 1 expectation failed.
Expected status code <201> but was <409>.

17-10-2024 18:29:40 INFO  MyTestListener:30 - *****************************************************************************************
17-10-2024 18:29:40 INFO  MyTestListener:31 - 	Scenario: Create a new user and validate the response --> FAILED
17-10-2024 18:29:40 INFO  MyTestListener:32 - *****************************************************************************************
17-10-2024 18:29:40 INFO  Hooks:15 - *****************************************************************************************
17-10-2024 18:29:40 INFO  Hooks:16 - 	Scenario: Validate status code for the Get All Users endpoint
17-10-2024 18:29:40 INFO  Hooks:17 - *****************************************************************************************
17-10-2024 18:29:41 INFO  MyTestListener:30 - *****************************************************************************************
17-10-2024 18:29:41 INFO  MyTestListener:31 - 	Scenario: Validate status code for the Get All Users endpoint --> PASSED
17-10-2024 18:29:41 INFO  MyTestListener:32 - *****************************************************************************************
17-10-2024 18:29:41 INFO  Hooks:15 - *****************************************************************************************
17-10-2024 18:29:41 INFO  Hooks:16 - 	Scenario: Validate status code 200 for valid user ID
17-10-2024 18:29:41 INFO  Hooks:17 - *****************************************************************************************
17-10-2024 18:29:42 INFO  MyTestListener:30 - *****************************************************************************************
17-10-2024 18:29:42 INFO  MyTestListener:31 - 	Scenario: Validate status code 200 for valid user ID --> PASSED
17-10-2024 18:29:42 INFO  MyTestListener:32 - *****************************************************************************************
17-10-2024 18:29:42 INFO  Hooks:15 - *****************************************************************************************
17-10-2024 18:29:42 INFO  Hooks:16 - 	Scenario: Update user and validate the response
17-10-2024 18:29:42 INFO  Hooks:17 - *****************************************************************************************
17-10-2024 18:31:35 INFO  MyTestListener:28 - java.lang.AssertionError: 1 expectation failed.
Expected status code <200> but was <405>.

17-10-2024 18:31:35 INFO  MyTestListener:30 - *****************************************************************************************
17-10-2024 18:31:35 INFO  MyTestListener:31 - 	Scenario: Update user and validate the response --> FAILED
17-10-2024 18:31:35 INFO  MyTestListener:32 - *****************************************************************************************
17-10-2024 18:37:37 INFO  Hooks:15 - *****************************************************************************************
17-10-2024 18:37:37 INFO  Hooks:16 - 	Scenario: Create a new user and validate the response
17-10-2024 18:37:37 INFO  Hooks:17 - *****************************************************************************************
17-10-2024 18:37:40 INFO  MyTestListener:28 - java.lang.AssertionError: 1 expectation failed.
Expected status code <201> but was <409>.

17-10-2024 18:37:40 INFO  MyTestListener:30 - *****************************************************************************************
17-10-2024 18:37:40 INFO  MyTestListener:31 - 	Scenario: Create a new user and validate the response --> FAILED
17-10-2024 18:37:40 INFO  MyTestListener:32 - *****************************************************************************************
17-10-2024 18:37:40 INFO  Hooks:15 - *****************************************************************************************
17-10-2024 18:37:40 INFO  Hooks:16 - 	Scenario: Validate status code for the Get All Users endpoint
17-10-2024 18:37:40 INFO  Hooks:17 - *****************************************************************************************
17-10-2024 18:37:42 INFO  MyTestListener:30 - *****************************************************************************************
17-10-2024 18:37:42 INFO  MyTestListener:31 - 	Scenario: Validate status code for the Get All Users endpoint --> PASSED
17-10-2024 18:37:42 INFO  MyTestListener:32 - *****************************************************************************************
17-10-2024 18:37:42 INFO  Hooks:15 - *****************************************************************************************
17-10-2024 18:37:42 INFO  Hooks:16 - 	Scenario: Validate status code 200 for valid user ID
17-10-2024 18:37:42 INFO  Hooks:17 - *****************************************************************************************
17-10-2024 18:37:42 INFO  MyTestListener:30 - *****************************************************************************************
17-10-2024 18:37:42 INFO  MyTestListener:31 - 	Scenario: Validate status code 200 for valid user ID --> PASSED
17-10-2024 18:37:42 INFO  MyTestListener:32 - *****************************************************************************************
17-10-2024 18:37:42 INFO  Hooks:15 - *****************************************************************************************
17-10-2024 18:37:42 INFO  Hooks:16 - 	Scenario: Update user and validate the response
17-10-2024 18:37:42 INFO  Hooks:17 - *****************************************************************************************
17-10-2024 18:37:43 INFO  MyTestListener:28 - java.lang.AssertionError: 1 expectation failed.
Expected status code <200> but was <404>.

17-10-2024 18:37:43 INFO  MyTestListener:30 - *****************************************************************************************
17-10-2024 18:37:43 INFO  MyTestListener:31 - 	Scenario: Update user and validate the response --> FAILED
17-10-2024 18:37:43 INFO  MyTestListener:32 - *****************************************************************************************
17-10-2024 18:44:13 INFO  Hooks:15 - *****************************************************************************************
17-10-2024 18:44:13 INFO  Hooks:16 - 	Scenario: Create a new user and validate the response
17-10-2024 18:44:13 INFO  Hooks:17 - *****************************************************************************************
17-10-2024 18:44:16 INFO  MyTestListener:28 - java.lang.AssertionError: 1 expectation failed.
Expected status code <201> but was <409>.

17-10-2024 18:44:16 INFO  MyTestListener:30 - *****************************************************************************************
17-10-2024 18:44:16 INFO  MyTestListener:31 - 	Scenario: Create a new user and validate the response --> FAILED
17-10-2024 18:44:16 INFO  MyTestListener:32 - *****************************************************************************************
17-10-2024 18:44:16 INFO  Hooks:15 - *****************************************************************************************
17-10-2024 18:44:16 INFO  Hooks:16 - 	Scenario: Validate status code for the Get All Users endpoint
17-10-2024 18:44:16 INFO  Hooks:17 - *****************************************************************************************
17-10-2024 18:44:18 INFO  MyTestListener:30 - *****************************************************************************************
17-10-2024 18:44:18 INFO  MyTestListener:31 - 	Scenario: Validate status code for the Get All Users endpoint --> PASSED
17-10-2024 18:44:18 INFO  MyTestListener:32 - *****************************************************************************************
17-10-2024 18:44:18 INFO  Hooks:15 - *****************************************************************************************
17-10-2024 18:44:18 INFO  Hooks:16 - 	Scenario: Validate status code 200 for valid user ID
17-10-2024 18:44:18 INFO  Hooks:17 - *****************************************************************************************
17-10-2024 18:44:18 INFO  MyTestListener:30 - *****************************************************************************************
17-10-2024 18:44:18 INFO  MyTestListener:31 - 	Scenario: Validate status code 200 for valid user ID --> PASSED
17-10-2024 18:44:18 INFO  MyTestListener:32 - *****************************************************************************************
17-10-2024 18:44:18 INFO  Hooks:15 - *****************************************************************************************
17-10-2024 18:44:18 INFO  Hooks:16 - 	Scenario: Update user and validate the response
17-10-2024 18:44:18 INFO  Hooks:17 - *****************************************************************************************
17-10-2024 18:44:19 INFO  MyTestListener:28 - java.lang.AssertionError: 1 expectation failed.
Expected status code <200> but was <500>.

17-10-2024 18:44:19 INFO  MyTestListener:30 - *****************************************************************************************
17-10-2024 18:44:19 INFO  MyTestListener:31 - 	Scenario: Update user and validate the response --> FAILED
17-10-2024 18:44:19 INFO  MyTestListener:32 - *****************************************************************************************
17-10-2024 18:45:59 INFO  Hooks:15 - *****************************************************************************************
17-10-2024 18:45:59 INFO  Hooks:16 - 	Scenario: Create a new user and validate the response
17-10-2024 18:45:59 INFO  Hooks:17 - *****************************************************************************************
17-10-2024 18:46:06 INFO  MyTestListener:28 - java.lang.AssertionError: 1 expectation failed.
Expected status code <201> but was <409>.

17-10-2024 18:46:06 INFO  MyTestListener:30 - *****************************************************************************************
17-10-2024 18:46:06 INFO  MyTestListener:31 - 	Scenario: Create a new user and validate the response --> FAILED
17-10-2024 18:46:06 INFO  MyTestListener:32 - *****************************************************************************************
17-10-2024 18:46:06 INFO  Hooks:15 - *****************************************************************************************
17-10-2024 18:46:06 INFO  Hooks:16 - 	Scenario: Validate status code for the Get All Users endpoint
17-10-2024 18:46:06 INFO  Hooks:17 - *****************************************************************************************
17-10-2024 18:46:07 INFO  MyTestListener:30 - *****************************************************************************************
17-10-2024 18:46:07 INFO  MyTestListener:31 - 	Scenario: Validate status code for the Get All Users endpoint --> PASSED
17-10-2024 18:46:07 INFO  MyTestListener:32 - *****************************************************************************************
17-10-2024 18:46:07 INFO  Hooks:15 - *****************************************************************************************
17-10-2024 18:46:07 INFO  Hooks:16 - 	Scenario: Validate status code 200 for valid user ID
17-10-2024 18:46:07 INFO  Hooks:17 - *****************************************************************************************
17-10-2024 18:46:08 INFO  MyTestListener:30 - *****************************************************************************************
17-10-2024 18:46:08 INFO  MyTestListener:31 - 	Scenario: Validate status code 200 for valid user ID --> PASSED
17-10-2024 18:46:08 INFO  MyTestListener:32 - *****************************************************************************************
17-10-2024 18:46:08 INFO  Hooks:15 - *****************************************************************************************
17-10-2024 18:46:08 INFO  Hooks:16 - 	Scenario: Update user and validate the response
17-10-2024 18:46:08 INFO  Hooks:17 - *****************************************************************************************
17-10-2024 18:48:39 INFO  Hooks:15 - *****************************************************************************************
17-10-2024 18:48:39 INFO  Hooks:16 - 	Scenario: Create a new user and validate the response
17-10-2024 18:48:39 INFO  Hooks:17 - *****************************************************************************************
17-10-2024 18:48:42 INFO  MyTestListener:28 - java.lang.AssertionError: 1 expectation failed.
Expected status code <201> but was <409>.

17-10-2024 18:48:42 INFO  MyTestListener:30 - *****************************************************************************************
17-10-2024 18:48:42 INFO  MyTestListener:31 - 	Scenario: Create a new user and validate the response --> FAILED
17-10-2024 18:48:42 INFO  MyTestListener:32 - *****************************************************************************************
17-10-2024 18:48:42 INFO  Hooks:15 - *****************************************************************************************
17-10-2024 18:48:42 INFO  Hooks:16 - 	Scenario: Validate status code for the Get All Users endpoint
17-10-2024 18:48:42 INFO  Hooks:17 - *****************************************************************************************
17-10-2024 18:48:43 INFO  MyTestListener:30 - *****************************************************************************************
17-10-2024 18:48:43 INFO  MyTestListener:31 - 	Scenario: Validate status code for the Get All Users endpoint --> PASSED
17-10-2024 18:48:43 INFO  MyTestListener:32 - *****************************************************************************************
17-10-2024 18:48:43 INFO  Hooks:15 - *****************************************************************************************
17-10-2024 18:48:43 INFO  Hooks:16 - 	Scenario: Validate status code 200 for valid user ID
17-10-2024 18:48:43 INFO  Hooks:17 - *****************************************************************************************
17-10-2024 18:48:44 INFO  MyTestListener:30 - *****************************************************************************************
17-10-2024 18:48:44 INFO  MyTestListener:31 - 	Scenario: Validate status code 200 for valid user ID --> PASSED
17-10-2024 18:48:44 INFO  MyTestListener:32 - *****************************************************************************************
17-10-2024 18:48:44 INFO  Hooks:15 - *****************************************************************************************
17-10-2024 18:48:44 INFO  Hooks:16 - 	Scenario: Update user and validate the response
17-10-2024 18:48:44 INFO  Hooks:17 - *****************************************************************************************
17-10-2024 18:48:45 INFO  MyTestListener:28 - java.lang.AssertionError: 1 expectation failed.
Expected status code <200> but was <500>.

17-10-2024 18:48:45 INFO  MyTestListener:30 - *****************************************************************************************
17-10-2024 18:48:45 INFO  MyTestListener:31 - 	Scenario: Update user and validate the response --> FAILED
17-10-2024 18:48:45 INFO  MyTestListener:32 - *****************************************************************************************
17-10-2024 18:49:26 INFO  Hooks:15 - *****************************************************************************************
17-10-2024 18:49:26 INFO  Hooks:16 - 	Scenario: Create a new user and validate the response
17-10-2024 18:49:26 INFO  Hooks:17 - *****************************************************************************************
17-10-2024 18:49:30 INFO  MyTestListener:28 - java.lang.AssertionError: 1 expectation failed.
Expected status code <201> but was <409>.

17-10-2024 18:49:30 INFO  MyTestListener:30 - *****************************************************************************************
17-10-2024 18:49:30 INFO  MyTestListener:31 - 	Scenario: Create a new user and validate the response --> FAILED
17-10-2024 18:49:30 INFO  MyTestListener:32 - *****************************************************************************************
17-10-2024 18:49:30 INFO  Hooks:15 - *****************************************************************************************
17-10-2024 18:49:30 INFO  Hooks:16 - 	Scenario: Validate status code for the Get All Users endpoint
17-10-2024 18:49:30 INFO  Hooks:17 - *****************************************************************************************
17-10-2024 18:49:31 INFO  MyTestListener:30 - *****************************************************************************************
17-10-2024 18:49:31 INFO  MyTestListener:31 - 	Scenario: Validate status code for the Get All Users endpoint --> PASSED
17-10-2024 18:49:31 INFO  MyTestListener:32 - *****************************************************************************************
17-10-2024 18:49:31 INFO  Hooks:15 - *****************************************************************************************
17-10-2024 18:49:31 INFO  Hooks:16 - 	Scenario: Validate status code 200 for valid user ID
17-10-2024 18:49:31 INFO  Hooks:17 - *****************************************************************************************
17-10-2024 18:49:31 INFO  MyTestListener:30 - *****************************************************************************************
17-10-2024 18:49:31 INFO  MyTestListener:31 - 	Scenario: Validate status code 200 for valid user ID --> PASSED
17-10-2024 18:49:31 INFO  MyTestListener:32 - *****************************************************************************************
17-10-2024 18:49:31 INFO  Hooks:15 - *****************************************************************************************
17-10-2024 18:49:31 INFO  Hooks:16 - 	Scenario: Update user and validate the response
17-10-2024 18:49:31 INFO  Hooks:17 - *****************************************************************************************
17-10-2024 19:05:26 INFO  Hooks:15 - *****************************************************************************************
17-10-2024 19:05:26 INFO  Hooks:16 - 	Scenario: Create a new user and validate the response
17-10-2024 19:05:26 INFO  Hooks:17 - *****************************************************************************************
17-10-2024 19:05:31 INFO  MyTestListener:28 - java.lang.AssertionError: 1 expectation failed.
Expected status code <201> but was <409>.

17-10-2024 19:05:31 INFO  MyTestListener:30 - *****************************************************************************************
17-10-2024 19:05:31 INFO  MyTestListener:31 - 	Scenario: Create a new user and validate the response --> FAILED
17-10-2024 19:05:31 INFO  MyTestListener:32 - *****************************************************************************************
17-10-2024 19:05:31 INFO  Hooks:15 - *****************************************************************************************
17-10-2024 19:05:31 INFO  Hooks:16 - 	Scenario: Validate status code for the Get All Users endpoint
17-10-2024 19:05:31 INFO  Hooks:17 - *****************************************************************************************
17-10-2024 19:05:33 INFO  MyTestListener:30 - *****************************************************************************************
17-10-2024 19:05:33 INFO  MyTestListener:31 - 	Scenario: Validate status code for the Get All Users endpoint --> PASSED
17-10-2024 19:05:33 INFO  MyTestListener:32 - *****************************************************************************************
17-10-2024 19:05:33 INFO  Hooks:15 - *****************************************************************************************
17-10-2024 19:05:33 INFO  Hooks:16 - 	Scenario: Validate status code 200 for valid user ID
17-10-2024 19:05:33 INFO  Hooks:17 - *****************************************************************************************
17-10-2024 19:05:33 INFO  MyTestListener:30 - *****************************************************************************************
17-10-2024 19:05:33 INFO  MyTestListener:31 - 	Scenario: Validate status code 200 for valid user ID --> PASSED
17-10-2024 19:05:33 INFO  MyTestListener:32 - *****************************************************************************************
17-10-2024 19:05:33 INFO  Hooks:15 - *****************************************************************************************
17-10-2024 19:05:33 INFO  Hooks:16 - 	Scenario: Update user and validate the response
17-10-2024 19:05:33 INFO  Hooks:17 - *****************************************************************************************
17-10-2024 19:05:36 INFO  MyTestListener:30 - *****************************************************************************************
17-10-2024 19:05:36 INFO  MyTestListener:31 - 	Scenario: Update user and validate the response --> PASSED
17-10-2024 19:05:36 INFO  MyTestListener:32 - *****************************************************************************************
17-10-2024 19:09:36 INFO  Hooks:15 - *****************************************************************************************
17-10-2024 19:09:36 INFO  Hooks:16 - 	Scenario: Create a new user and validate the response
17-10-2024 19:09:36 INFO  Hooks:17 - *****************************************************************************************
17-10-2024 19:09:41 INFO  MyTestListener:28 - java.lang.AssertionError: 1 expectation failed.
Expected status code <201> but was <409>.

17-10-2024 19:09:41 INFO  MyTestListener:30 - *****************************************************************************************
17-10-2024 19:09:41 INFO  MyTestListener:31 - 	Scenario: Create a new user and validate the response --> FAILED
17-10-2024 19:09:41 INFO  MyTestListener:32 - *****************************************************************************************
17-10-2024 19:09:41 INFO  Hooks:15 - *****************************************************************************************
17-10-2024 19:09:41 INFO  Hooks:16 - 	Scenario: Validate status code for the Get All Users endpoint
17-10-2024 19:09:41 INFO  Hooks:17 - *****************************************************************************************
17-10-2024 19:09:43 INFO  MyTestListener:30 - *****************************************************************************************
17-10-2024 19:09:43 INFO  MyTestListener:31 - 	Scenario: Validate status code for the Get All Users endpoint --> PASSED
17-10-2024 19:09:43 INFO  MyTestListener:32 - *****************************************************************************************
17-10-2024 19:09:43 INFO  Hooks:15 - *****************************************************************************************
17-10-2024 19:09:43 INFO  Hooks:16 - 	Scenario: Validate status code 200 for valid user ID
17-10-2024 19:09:43 INFO  Hooks:17 - *****************************************************************************************
17-10-2024 19:09:43 INFO  MyTestListener:30 - *****************************************************************************************
17-10-2024 19:09:43 INFO  MyTestListener:31 - 	Scenario: Validate status code 200 for valid user ID --> PASSED
17-10-2024 19:09:43 INFO  MyTestListener:32 - *****************************************************************************************
17-10-2024 19:09:43 INFO  Hooks:15 - *****************************************************************************************
17-10-2024 19:09:43 INFO  Hooks:16 - 	Scenario: Update user and validate the response
17-10-2024 19:09:43 INFO  Hooks:17 - *****************************************************************************************
17-10-2024 19:09:45 INFO  MyTestListener:30 - *****************************************************************************************
17-10-2024 19:09:45 INFO  MyTestListener:31 - 	Scenario: Update user and validate the response --> PASSED
17-10-2024 19:09:45 INFO  MyTestListener:32 - *****************************************************************************************
17-10-2024 19:24:54 INFO  Hooks:15 - *****************************************************************************************
17-10-2024 19:24:54 INFO  Hooks:16 - 	Scenario: Create a new user and validate the response
17-10-2024 19:24:54 INFO  Hooks:17 - *****************************************************************************************
17-10-2024 19:24:57 INFO  MyTestListener:28 - java.lang.AssertionError: 1 expectation failed.
Expected status code <201> but was <409>.

17-10-2024 19:24:57 INFO  MyTestListener:30 - *****************************************************************************************
17-10-2024 19:24:57 INFO  MyTestListener:31 - 	Scenario: Create a new user and validate the response --> FAILED
17-10-2024 19:24:57 INFO  MyTestListener:32 - *****************************************************************************************
17-10-2024 19:24:57 INFO  Hooks:15 - *****************************************************************************************
17-10-2024 19:24:57 INFO  Hooks:16 - 	Scenario: Validate status code for the Get All Users endpoint
17-10-2024 19:24:57 INFO  Hooks:17 - *****************************************************************************************
17-10-2024 19:24:59 INFO  MyTestListener:30 - *****************************************************************************************
17-10-2024 19:24:59 INFO  MyTestListener:31 - 	Scenario: Validate status code for the Get All Users endpoint --> PASSED
17-10-2024 19:24:59 INFO  MyTestListener:32 - *****************************************************************************************
17-10-2024 19:24:59 INFO  Hooks:15 - *****************************************************************************************
17-10-2024 19:24:59 INFO  Hooks:16 - 	Scenario: Validate status code 200 for valid user ID
17-10-2024 19:24:59 INFO  Hooks:17 - *****************************************************************************************
17-10-2024 19:24:59 INFO  MyTestListener:30 - *****************************************************************************************
17-10-2024 19:24:59 INFO  MyTestListener:31 - 	Scenario: Validate status code 200 for valid user ID --> PASSED
17-10-2024 19:24:59 INFO  MyTestListener:32 - *****************************************************************************************
17-10-2024 19:24:59 INFO  Hooks:15 - *****************************************************************************************
17-10-2024 19:24:59 INFO  Hooks:16 - 	Scenario: Update user and validate the response
17-10-2024 19:24:59 INFO  Hooks:17 - *****************************************************************************************
17-10-2024 19:25:01 INFO  MyTestListener:30 - *****************************************************************************************
17-10-2024 19:25:01 INFO  MyTestListener:31 - 	Scenario: Update user and validate the response --> PASSED
17-10-2024 19:25:01 INFO  MyTestListener:32 - *****************************************************************************************
17-10-2024 19:25:01 INFO  Hooks:15 - *****************************************************************************************
17-10-2024 19:25:01 INFO  Hooks:16 - 	Scenario: delete user and validate the response
17-10-2024 19:25:01 INFO  Hooks:17 - *****************************************************************************************
17-10-2024 19:25:01 INFO  MyTestListener:30 - *****************************************************************************************
17-10-2024 19:25:01 INFO  MyTestListener:31 - 	Scenario: delete user and validate the response --> PASSED
17-10-2024 19:25:01 INFO  MyTestListener:32 - *****************************************************************************************
17-10-2024 19:31:15 INFO  Hooks:15 - *****************************************************************************************
17-10-2024 19:31:15 INFO  Hooks:16 - 	Scenario: Create a new user and validate the response
17-10-2024 19:31:15 INFO  Hooks:17 - *****************************************************************************************
17-10-2024 19:31:20 INFO  MyTestListener:28 - java.lang.AssertionError: 1 expectation failed.
Expected status code <201> but was <409>.

17-10-2024 19:31:20 INFO  MyTestListener:30 - *****************************************************************************************
17-10-2024 19:31:20 INFO  MyTestListener:31 - 	Scenario: Create a new user and validate the response --> FAILED
17-10-2024 19:31:20 INFO  MyTestListener:32 - *****************************************************************************************
17-10-2024 19:31:20 INFO  Hooks:15 - *****************************************************************************************
17-10-2024 19:31:20 INFO  Hooks:16 - 	Scenario: Validate status code for the Get All Users endpoint
17-10-2024 19:31:20 INFO  Hooks:17 - *****************************************************************************************
17-10-2024 19:31:21 INFO  MyTestListener:30 - *****************************************************************************************
17-10-2024 19:31:21 INFO  MyTestListener:31 - 	Scenario: Validate status code for the Get All Users endpoint --> PASSED
17-10-2024 19:31:21 INFO  MyTestListener:32 - *****************************************************************************************
17-10-2024 19:31:21 INFO  Hooks:15 - *****************************************************************************************
17-10-2024 19:31:21 INFO  Hooks:16 - 	Scenario: Validate status code 200 for valid user ID
17-10-2024 19:31:21 INFO  Hooks:17 - *****************************************************************************************
17-10-2024 19:31:22 INFO  MyTestListener:30 - *****************************************************************************************
17-10-2024 19:31:22 INFO  MyTestListener:31 - 	Scenario: Validate status code 200 for valid user ID --> PASSED
17-10-2024 19:31:22 INFO  MyTestListener:32 - *****************************************************************************************
17-10-2024 19:31:22 INFO  Hooks:15 - *****************************************************************************************
17-10-2024 19:31:22 INFO  Hooks:16 - 	Scenario: Update user and validate the response
17-10-2024 19:31:22 INFO  Hooks:17 - *****************************************************************************************
17-10-2024 19:31:25 INFO  MyTestListener:30 - *****************************************************************************************
17-10-2024 19:31:25 INFO  MyTestListener:31 - 	Scenario: Update user and validate the response --> PASSED
17-10-2024 19:31:25 INFO  MyTestListener:32 - *****************************************************************************************
17-10-2024 19:31:25 INFO  Hooks:15 - *****************************************************************************************
17-10-2024 19:31:25 INFO  Hooks:16 - 	Scenario: delete user and validate the response
17-10-2024 19:31:25 INFO  Hooks:17 - *****************************************************************************************
17-10-2024 19:31:25 INFO  MyTestListener:28 - java.lang.AssertionError: 1 expectation failed.
Expected status code <200> but was <404>.

17-10-2024 19:31:25 INFO  MyTestListener:30 - *****************************************************************************************
17-10-2024 19:31:25 INFO  MyTestListener:31 - 	Scenario: delete user and validate the response --> FAILED
17-10-2024 19:31:25 INFO  MyTestListener:32 - *****************************************************************************************
17-10-2024 19:31:25 INFO  Hooks:15 - *****************************************************************************************
17-10-2024 19:31:25 INFO  Hooks:16 - 	Scenario: delete user and validate the response
17-10-2024 19:31:25 INFO  Hooks:17 - *****************************************************************************************
17-10-2024 19:31:25 INFO  MyTestListener:28 - java.lang.AssertionError: 1 expectation failed.
Expected status code <200> but was <400>.

17-10-2024 19:31:25 INFO  MyTestListener:30 - *****************************************************************************************
17-10-2024 19:31:25 INFO  MyTestListener:31 - 	Scenario: delete user and validate the response --> FAILED
17-10-2024 19:31:25 INFO  MyTestListener:32 - *****************************************************************************************
17-10-2024 19:32:58 INFO  Hooks:15 - *****************************************************************************************
17-10-2024 19:32:58 INFO  Hooks:16 - 	Scenario: Create a new user and validate the response
17-10-2024 19:32:58 INFO  Hooks:17 - *****************************************************************************************
17-10-2024 19:33:01 INFO  MyTestListener:28 - java.lang.AssertionError: 1 expectation failed.
Expected status code <201> but was <409>.

17-10-2024 19:33:01 INFO  MyTestListener:30 - *****************************************************************************************
17-10-2024 19:33:01 INFO  MyTestListener:31 - 	Scenario: Create a new user and validate the response --> FAILED
17-10-2024 19:33:01 INFO  MyTestListener:32 - *****************************************************************************************
17-10-2024 19:33:01 INFO  Hooks:15 - *****************************************************************************************
17-10-2024 19:33:01 INFO  Hooks:16 - 	Scenario: Validate status code for the Get All Users endpoint
17-10-2024 19:33:01 INFO  Hooks:17 - *****************************************************************************************
17-10-2024 19:33:02 INFO  MyTestListener:30 - *****************************************************************************************
17-10-2024 19:33:02 INFO  MyTestListener:31 - 	Scenario: Validate status code for the Get All Users endpoint --> PASSED
17-10-2024 19:33:02 INFO  MyTestListener:32 - *****************************************************************************************
17-10-2024 19:33:02 INFO  Hooks:15 - *****************************************************************************************
17-10-2024 19:33:02 INFO  Hooks:16 - 	Scenario: Validate status code 200 for valid user ID
17-10-2024 19:33:02 INFO  Hooks:17 - *****************************************************************************************
17-10-2024 19:33:03 INFO  MyTestListener:30 - *****************************************************************************************
17-10-2024 19:33:03 INFO  MyTestListener:31 - 	Scenario: Validate status code 200 for valid user ID --> PASSED
17-10-2024 19:33:03 INFO  MyTestListener:32 - *****************************************************************************************
17-10-2024 19:33:03 INFO  Hooks:15 - *****************************************************************************************
17-10-2024 19:33:03 INFO  Hooks:16 - 	Scenario: Update user and validate the response
17-10-2024 19:33:03 INFO  Hooks:17 - *****************************************************************************************
17-10-2024 19:33:04 INFO  MyTestListener:30 - *****************************************************************************************
17-10-2024 19:33:04 INFO  MyTestListener:31 - 	Scenario: Update user and validate the response --> PASSED
17-10-2024 19:33:04 INFO  MyTestListener:32 - *****************************************************************************************
17-10-2024 19:33:04 INFO  Hooks:15 - *****************************************************************************************
17-10-2024 19:33:04 INFO  Hooks:16 - 	Scenario: delete user by id and validate the response
17-10-2024 19:33:04 INFO  Hooks:17 - *****************************************************************************************
17-10-2024 19:33:05 INFO  MyTestListener:30 - *****************************************************************************************
17-10-2024 19:33:05 INFO  MyTestListener:31 - 	Scenario: delete user by id and validate the response --> PASSED
17-10-2024 19:33:05 INFO  MyTestListener:32 - *****************************************************************************************
17-10-2024 19:33:05 INFO  Hooks:15 - *****************************************************************************************
17-10-2024 19:33:05 INFO  Hooks:16 - 	Scenario: delete user by firstname and validate the response
17-10-2024 19:33:05 INFO  Hooks:17 - *****************************************************************************************
17-10-2024 19:33:05 INFO  MyTestListener:28 - java.lang.AssertionError: 1 expectation failed.
Expected status code <200> but was <400>.

17-10-2024 19:33:05 INFO  MyTestListener:30 - *****************************************************************************************
17-10-2024 19:33:05 INFO  MyTestListener:31 - 	Scenario: delete user by firstname and validate the response --> FAILED
17-10-2024 19:33:05 INFO  MyTestListener:32 - *****************************************************************************************
17-10-2024 19:35:24 INFO  Hooks:15 - *****************************************************************************************
17-10-2024 19:35:24 INFO  Hooks:16 - 	Scenario: Create a new user and validate the response
17-10-2024 19:35:24 INFO  Hooks:17 - *****************************************************************************************
17-10-2024 19:35:28 INFO  MyTestListener:28 - java.lang.AssertionError: 1 expectation failed.
Expected status code <201> but was <409>.

17-10-2024 19:35:28 INFO  MyTestListener:30 - *****************************************************************************************
17-10-2024 19:35:28 INFO  MyTestListener:31 - 	Scenario: Create a new user and validate the response --> FAILED
17-10-2024 19:35:28 INFO  MyTestListener:32 - *****************************************************************************************
17-10-2024 19:35:28 INFO  Hooks:15 - *****************************************************************************************
17-10-2024 19:35:28 INFO  Hooks:16 - 	Scenario: Validate status code for the Get All Users endpoint
17-10-2024 19:35:28 INFO  Hooks:17 - *****************************************************************************************
17-10-2024 19:35:29 INFO  MyTestListener:30 - *****************************************************************************************
17-10-2024 19:35:29 INFO  MyTestListener:31 - 	Scenario: Validate status code for the Get All Users endpoint --> PASSED
17-10-2024 19:35:29 INFO  MyTestListener:32 - *****************************************************************************************
17-10-2024 19:35:29 INFO  Hooks:15 - *****************************************************************************************
17-10-2024 19:35:29 INFO  Hooks:16 - 	Scenario: Validate status code 200 for valid user ID
17-10-2024 19:35:29 INFO  Hooks:17 - *****************************************************************************************
17-10-2024 19:35:30 INFO  MyTestListener:30 - *****************************************************************************************
17-10-2024 19:35:30 INFO  MyTestListener:31 - 	Scenario: Validate status code 200 for valid user ID --> PASSED
17-10-2024 19:35:30 INFO  MyTestListener:32 - *****************************************************************************************
17-10-2024 19:35:30 INFO  Hooks:15 - *****************************************************************************************
17-10-2024 19:35:30 INFO  Hooks:16 - 	Scenario: Update user and validate the response
17-10-2024 19:35:30 INFO  Hooks:17 - *****************************************************************************************
17-10-2024 19:35:32 INFO  MyTestListener:30 - *****************************************************************************************
17-10-2024 19:35:32 INFO  MyTestListener:31 - 	Scenario: Update user and validate the response --> PASSED
17-10-2024 19:35:32 INFO  MyTestListener:32 - *****************************************************************************************
17-10-2024 19:35:32 INFO  Hooks:15 - *****************************************************************************************
17-10-2024 19:35:32 INFO  Hooks:16 - 	Scenario: delete user by id and validate the response
17-10-2024 19:35:32 INFO  Hooks:17 - *****************************************************************************************
17-10-2024 19:35:32 INFO  MyTestListener:28 - java.lang.AssertionError: 1 expectation failed.
Expected status code <200> but was <404>.

17-10-2024 19:35:32 INFO  MyTestListener:30 - *****************************************************************************************
17-10-2024 19:35:32 INFO  MyTestListener:31 - 	Scenario: delete user by id and validate the response --> FAILED
17-10-2024 19:35:32 INFO  MyTestListener:32 - *****************************************************************************************
17-10-2024 19:35:32 INFO  Hooks:15 - *****************************************************************************************
17-10-2024 19:35:32 INFO  Hooks:16 - 	Scenario: delete user by firstname and validate the response
17-10-2024 19:35:32 INFO  Hooks:17 - *****************************************************************************************
17-10-2024 19:35:32 INFO  MyTestListener:28 - java.lang.AssertionError: 1 expectation failed.
Expected status code <200> but was <400>.

17-10-2024 19:35:32 INFO  MyTestListener:30 - *****************************************************************************************
17-10-2024 19:35:32 INFO  MyTestListener:31 - 	Scenario: delete user by firstname and validate the response --> FAILED
17-10-2024 19:35:32 INFO  MyTestListener:32 - *****************************************************************************************
17-10-2024 19:36:04 INFO  Hooks:15 - *****************************************************************************************
17-10-2024 19:36:04 INFO  Hooks:16 - 	Scenario: Create a new user and validate the response
17-10-2024 19:36:04 INFO  Hooks:17 - *****************************************************************************************
17-10-2024 19:36:08 INFO  MyTestListener:28 - java.lang.AssertionError: 1 expectation failed.
Expected status code <201> but was <409>.

17-10-2024 19:36:08 INFO  MyTestListener:30 - *****************************************************************************************
17-10-2024 19:36:08 INFO  MyTestListener:31 - 	Scenario: Create a new user and validate the response --> FAILED
17-10-2024 19:36:08 INFO  MyTestListener:32 - *****************************************************************************************
17-10-2024 19:36:08 INFO  Hooks:15 - *****************************************************************************************
17-10-2024 19:36:08 INFO  Hooks:16 - 	Scenario: Validate status code for the Get All Users endpoint
17-10-2024 19:36:08 INFO  Hooks:17 - *****************************************************************************************
17-10-2024 19:36:09 INFO  MyTestListener:30 - *****************************************************************************************
17-10-2024 19:36:09 INFO  MyTestListener:31 - 	Scenario: Validate status code for the Get All Users endpoint --> PASSED
17-10-2024 19:36:09 INFO  MyTestListener:32 - *****************************************************************************************
17-10-2024 19:36:09 INFO  Hooks:15 - *****************************************************************************************
17-10-2024 19:36:09 INFO  Hooks:16 - 	Scenario: Validate status code 200 for valid user ID
17-10-2024 19:36:09 INFO  Hooks:17 - *****************************************************************************************
17-10-2024 19:36:10 INFO  MyTestListener:30 - *****************************************************************************************
17-10-2024 19:36:10 INFO  MyTestListener:31 - 	Scenario: Validate status code 200 for valid user ID --> PASSED
17-10-2024 19:36:10 INFO  MyTestListener:32 - *****************************************************************************************
17-10-2024 19:36:10 INFO  Hooks:15 - *****************************************************************************************
17-10-2024 19:36:10 INFO  Hooks:16 - 	Scenario: Update user and validate the response
17-10-2024 19:36:10 INFO  Hooks:17 - *****************************************************************************************
17-10-2024 19:36:27 INFO  MyTestListener:30 - *****************************************************************************************
17-10-2024 19:36:27 INFO  MyTestListener:31 - 	Scenario: Update user and validate the response --> PASSED
17-10-2024 19:36:27 INFO  MyTestListener:32 - *****************************************************************************************
17-10-2024 19:36:27 INFO  Hooks:15 - *****************************************************************************************
17-10-2024 19:36:27 INFO  Hooks:16 - 	Scenario: delete user by id and validate the response
17-10-2024 19:36:27 INFO  Hooks:17 - *****************************************************************************************
17-10-2024 19:36:27 INFO  MyTestListener:28 - java.lang.AssertionError: 1 expectation failed.
Expected status code <200> but was <404>.

17-10-2024 19:36:27 INFO  MyTestListener:30 - *****************************************************************************************
17-10-2024 19:36:27 INFO  MyTestListener:31 - 	Scenario: delete user by id and validate the response --> FAILED
17-10-2024 19:36:27 INFO  MyTestListener:32 - *****************************************************************************************
17-10-2024 19:36:27 INFO  Hooks:15 - *****************************************************************************************
17-10-2024 19:36:27 INFO  Hooks:16 - 	Scenario: delete user by firstname and validate the response
17-10-2024 19:36:27 INFO  Hooks:17 - *****************************************************************************************
17-10-2024 19:38:28 INFO  MyTestListener:28 - java.lang.AssertionError: 1 expectation failed.
Expected status code <200> but was <400>.

17-10-2024 19:38:28 INFO  MyTestListener:30 - *****************************************************************************************
17-10-2024 19:38:28 INFO  MyTestListener:31 - 	Scenario: delete user by firstname and validate the response --> FAILED
17-10-2024 19:38:28 INFO  MyTestListener:32 - *****************************************************************************************
17-10-2024 19:38:50 INFO  Hooks:15 - *****************************************************************************************
17-10-2024 19:38:50 INFO  Hooks:16 - 	Scenario: Create a new user and validate the response
17-10-2024 19:38:50 INFO  Hooks:17 - *****************************************************************************************
17-10-2024 19:38:53 INFO  MyTestListener:28 - java.lang.AssertionError: 1 expectation failed.
Expected status code <201> but was <409>.

17-10-2024 19:38:53 INFO  MyTestListener:30 - *****************************************************************************************
17-10-2024 19:38:53 INFO  MyTestListener:31 - 	Scenario: Create a new user and validate the response --> FAILED
17-10-2024 19:38:53 INFO  MyTestListener:32 - *****************************************************************************************
17-10-2024 19:38:53 INFO  Hooks:15 - *****************************************************************************************
17-10-2024 19:38:53 INFO  Hooks:16 - 	Scenario: Validate status code for the Get All Users endpoint
17-10-2024 19:38:53 INFO  Hooks:17 - *****************************************************************************************
17-10-2024 19:38:55 INFO  MyTestListener:30 - *****************************************************************************************
17-10-2024 19:38:55 INFO  MyTestListener:31 - 	Scenario: Validate status code for the Get All Users endpoint --> PASSED
17-10-2024 19:38:55 INFO  MyTestListener:32 - *****************************************************************************************
17-10-2024 19:38:55 INFO  Hooks:15 - *****************************************************************************************
17-10-2024 19:38:55 INFO  Hooks:16 - 	Scenario: Validate status code 200 for valid user ID
17-10-2024 19:38:55 INFO  Hooks:17 - *****************************************************************************************
17-10-2024 19:38:55 INFO  MyTestListener:30 - *****************************************************************************************
17-10-2024 19:38:55 INFO  MyTestListener:31 - 	Scenario: Validate status code 200 for valid user ID --> PASSED
17-10-2024 19:38:55 INFO  MyTestListener:32 - *****************************************************************************************
17-10-2024 19:38:55 INFO  Hooks:15 - *****************************************************************************************
17-10-2024 19:38:55 INFO  Hooks:16 - 	Scenario: Update user and validate the response
17-10-2024 19:38:55 INFO  Hooks:17 - *****************************************************************************************
17-10-2024 19:38:57 INFO  MyTestListener:30 - *****************************************************************************************
17-10-2024 19:38:57 INFO  MyTestListener:31 - 	Scenario: Update user and validate the response --> PASSED
17-10-2024 19:38:57 INFO  MyTestListener:32 - *****************************************************************************************
17-10-2024 19:38:57 INFO  Hooks:15 - *****************************************************************************************
17-10-2024 19:38:57 INFO  Hooks:16 - 	Scenario: delete user by id and validate the response
17-10-2024 19:38:57 INFO  Hooks:17 - *****************************************************************************************
17-10-2024 19:38:57 INFO  MyTestListener:28 - java.lang.AssertionError: 1 expectation failed.
Expected status code <200> but was <404>.

17-10-2024 19:38:57 INFO  MyTestListener:30 - *****************************************************************************************
17-10-2024 19:38:57 INFO  MyTestListener:31 - 	Scenario: delete user by id and validate the response --> FAILED
17-10-2024 19:38:57 INFO  MyTestListener:32 - *****************************************************************************************
17-10-2024 19:38:57 INFO  Hooks:15 - *****************************************************************************************
17-10-2024 19:38:57 INFO  Hooks:16 - 	Scenario: delete user by firstname and validate the response
17-10-2024 19:38:57 INFO  Hooks:17 - *****************************************************************************************
17-10-2024 19:38:57 INFO  MyTestListener:30 - *****************************************************************************************
17-10-2024 19:38:57 INFO  MyTestListener:31 - 	Scenario: delete user by firstname and validate the response --> PASSED
17-10-2024 19:38:57 INFO  MyTestListener:32 - *****************************************************************************************
17-10-2024 19:40:54 INFO  Hooks:15 - *****************************************************************************************
17-10-2024 19:40:54 INFO  Hooks:16 - 	Scenario: Create a new user and validate the response
17-10-2024 19:40:54 INFO  Hooks:17 - *****************************************************************************************
17-10-2024 19:40:59 INFO  MyTestListener:30 - *****************************************************************************************
17-10-2024 19:40:59 INFO  MyTestListener:31 - 	Scenario: Create a new user and validate the response --> PASSED
17-10-2024 19:40:59 INFO  MyTestListener:32 - *****************************************************************************************
17-10-2024 19:40:59 INFO  Hooks:15 - *****************************************************************************************
17-10-2024 19:40:59 INFO  Hooks:16 - 	Scenario: Validate status code for the Get All Users endpoint
17-10-2024 19:40:59 INFO  Hooks:17 - *****************************************************************************************
17-10-2024 19:41:00 INFO  MyTestListener:30 - *****************************************************************************************
17-10-2024 19:41:00 INFO  MyTestListener:31 - 	Scenario: Validate status code for the Get All Users endpoint --> PASSED
17-10-2024 19:41:00 INFO  MyTestListener:32 - *****************************************************************************************
17-10-2024 19:41:00 INFO  Hooks:15 - *****************************************************************************************
17-10-2024 19:41:00 INFO  Hooks:16 - 	Scenario: Validate status code 200 for valid user ID
17-10-2024 19:41:00 INFO  Hooks:17 - *****************************************************************************************
17-10-2024 19:41:01 INFO  MyTestListener:30 - *****************************************************************************************
17-10-2024 19:41:01 INFO  MyTestListener:31 - 	Scenario: Validate status code 200 for valid user ID --> PASSED
17-10-2024 19:41:01 INFO  MyTestListener:32 - *****************************************************************************************
17-10-2024 19:41:01 INFO  Hooks:15 - *****************************************************************************************
17-10-2024 19:41:01 INFO  Hooks:16 - 	Scenario: Update user and validate the response
17-10-2024 19:41:01 INFO  Hooks:17 - *****************************************************************************************
17-10-2024 19:41:02 INFO  MyTestListener:30 - *****************************************************************************************
17-10-2024 19:41:02 INFO  MyTestListener:31 - 	Scenario: Update user and validate the response --> PASSED
17-10-2024 19:41:02 INFO  MyTestListener:32 - *****************************************************************************************
17-10-2024 19:41:02 INFO  Hooks:15 - *****************************************************************************************
17-10-2024 19:41:02 INFO  Hooks:16 - 	Scenario: delete user by id and validate the response
17-10-2024 19:41:02 INFO  Hooks:17 - *****************************************************************************************
17-10-2024 19:41:02 INFO  MyTestListener:30 - *****************************************************************************************
17-10-2024 19:41:02 INFO  MyTestListener:31 - 	Scenario: delete user by id and validate the response --> PASSED
17-10-2024 19:41:02 INFO  MyTestListener:32 - *****************************************************************************************
17-10-2024 19:41:02 INFO  Hooks:15 - *****************************************************************************************
17-10-2024 19:41:02 INFO  Hooks:16 - 	Scenario: delete user by firstname and validate the response
17-10-2024 19:41:02 INFO  Hooks:17 - *****************************************************************************************
17-10-2024 19:41:02 INFO  MyTestListener:30 - *****************************************************************************************
17-10-2024 19:41:02 INFO  MyTestListener:31 - 	Scenario: delete user by firstname and validate the response --> PASSED
17-10-2024 19:41:02 INFO  MyTestListener:32 - *****************************************************************************************
